\BOOKMARK [-1][-]{part.1}{\376\377\000I\000\040\000U\000s\000e\000r\000\040\000M\000a\000n\000u\000a\000l}{}% 1
\BOOKMARK [0][-]{chapter.1.1}{\376\377\000S\000y\000s\000t\000e\000m\000s\000\040\000o\000f\000\040\000e\000q\000u\000a\000t\000i\000o\000n\000s}{part.1}% 2
\BOOKMARK [1][-]{section.1.1.1}{\376\377\000O\000v\000e\000r\000v\000i\000e\000w}{chapter.1.1}% 3
\BOOKMARK [1][-]{section.1.1.2}{\376\377\000L\000U\000\040\000s\000o\000l\000u\000t\000i\000o\000n\000\040\000e\000x\000a\000m\000p\000l\000e}{chapter.1.1}% 4
\BOOKMARK [1][-]{section.1.1.3}{\376\377\000N\000e\000w\000t\000o\000n\000\040\000s\000o\000l\000u\000t\000i\000o\000n\000\040\000e\000x\000a\000m\000p\000l\000e}{chapter.1.1}% 5
\BOOKMARK [1][-]{section.1.1.4}{\376\377\000I\000m\000p\000l\000i\000c\000i\000t\000\040\000a\000n\000d\000\040\000e\000x\000p\000l\000i\000c\000i\000t\000\040\000e\000q\000u\000a\000t\000i\000o\000n\000s}{chapter.1.1}% 6
\BOOKMARK [1][-]{section.1.1.5}{\376\377\000P\000o\000w\000e\000r\000\040\000m\000e\000t\000h\000o\000d\000\040\000e\000x\000a\000m\000p\000l\000e}{chapter.1.1}% 7
\BOOKMARK [1][-]{section.1.1.6}{\376\377\000C\000o\000n\000d\000i\000t\000i\000o\000n\000\040\000n\000u\000m\000b\000e\000r\000\040\000e\000x\000a\000m\000p\000l\000e}{chapter.1.1}% 8
\BOOKMARK [1][-]{section.1.1.7}{\376\377\000S\000i\000n\000g\000u\000l\000a\000r\000\040\000v\000a\000l\000u\000e\000\040\000d\000e\000c\000o\000m\000p\000o\000s\000i\000t\000i\000o\000n\000\040\000e\000x\000a\000m\000p\000l\000e}{chapter.1.1}% 9
\BOOKMARK [0][-]{chapter.1.2}{\376\377\000L\000a\000g\000r\000a\000n\000g\000e\000\040\000i\000n\000t\000e\000r\000p\000o\000l\000a\000t\000i\000o\000n\000\040}{part.1}% 10
\BOOKMARK [1][-]{section.1.2.1}{\376\377\000O\000v\000e\000r\000v\000i\000e\000w}{chapter.1.2}% 11
\BOOKMARK [1][-]{section.1.2.2}{\376\377\000I\000n\000t\000e\000r\000p\000o\000l\000a\000t\000e\000d\000\040\000v\000a\000l\000u\000e}{chapter.1.2}% 12
\BOOKMARK [1][-]{section.1.2.3}{\376\377\000I\000n\000t\000e\000r\000p\000o\000l\000a\000n\000t\000\040\000a\000n\000d\000\040\000i\000t\000s\000\040\000d\000e\000r\000i\000v\000a\000t\000i\000v\000e\000s}{chapter.1.2}% 13
\BOOKMARK [1][-]{section.1.2.4}{\376\377\000I\000n\000t\000e\000g\000r\000a\000l\000\040\000o\000f\000\040\000a\000\040\000f\000u\000n\000c\000t\000i\000o\000n}{chapter.1.2}% 14
\BOOKMARK [1][-]{section.1.2.5}{\376\377\000L\000a\000g\000r\000a\000n\000g\000e\000\040\000p\000o\000l\000y\000n\000o\000m\000i\000a\000l\000s}{chapter.1.2}% 15
\BOOKMARK [1][-]{section.1.2.6}{\376\377\000I\000l\000l\040\023\000p\000o\000s\000e\000d\000\040\000i\000n\000t\000e\000r\000p\000o\000l\000a\000n\000t\000s}{chapter.1.2}% 16
\BOOKMARK [1][-]{section.1.2.7}{\376\377\000L\000e\000b\000e\000s\000g\000u\000e\000\040\000f\000u\000n\000c\000t\000i\000o\000n\000\040\000a\000n\000d\000\040\000e\000r\000r\000o\000r\000\040\000f\000u\000n\000c\000t\000i\000o\000n}{chapter.1.2}% 17
\BOOKMARK [1][-]{section.1.2.8}{\376\377\000C\000h\000e\000b\000y\000s\000h\000e\000v\000\040\000p\000o\000l\000y\000n\000o\000m\000i\000a\000l\000s}{chapter.1.2}% 18
\BOOKMARK [1][-]{section.1.2.9}{\376\377\000C\000h\000e\000b\000y\000s\000h\000e\000v\000\040\000e\000x\000p\000a\000n\000s\000i\000o\000n\000\040\000a\000n\000d\000\040\000L\000a\000g\000r\000a\000n\000g\000e\000\040\000i\000n\000t\000e\000r\000p\000o\000l\000a\000n\000t}{chapter.1.2}% 19
\BOOKMARK [0][-]{chapter.1.3}{\376\377\000F\000i\000n\000i\000t\000e\000\040\000D\000i\000f\000f\000e\000r\000e\000n\000c\000e\000s\000\040}{part.1}% 20
\BOOKMARK [1][-]{section.1.3.1}{\376\377\000O\000v\000e\000r\000v\000i\000e\000w}{chapter.1.3}% 21
\BOOKMARK [1][-]{section.1.3.2}{\376\377\000D\000e\000r\000i\000v\000a\000t\000i\000v\000e\000s\000\040\000o\000f\000\040\000a\000\040\0001\000D\000\040\000f\000u\000n\000c\000t\000i\000o\000n}{chapter.1.3}% 22
\BOOKMARK [1][-]{section.1.3.3}{\376\377\000D\000e\000r\000i\000v\000a\000t\000i\000v\000e\000s\000\040\000o\000f\000\040\000a\000\040\0002\000D\000\040\000f\000u\000n\000c\000t\000i\000o\000n}{chapter.1.3}% 23
\BOOKMARK [1][-]{section.1.3.4}{\376\377\000T\000r\000u\000n\000c\000a\000t\000i\000o\000n\000\040\000a\000n\000d\000\040\000R\000o\000u\000n\000d\000-\000o\000f\000f\000\040\000e\000r\000r\000o\000r\000s\000\040\000o\000f\000\040\000d\000e\000r\000i\000v\000a\000t\000i\000v\000e\000s}{chapter.1.3}% 24
\BOOKMARK [0][-]{chapter.1.4}{\376\377\000C\000a\000u\000c\000h\000y\000\040\000P\000r\000o\000b\000l\000e\000m\000\040}{part.1}% 25
\BOOKMARK [1][-]{section.1.4.1}{\376\377\000O\000v\000e\000r\000v\000i\000e\000w}{chapter.1.4}% 26
\BOOKMARK [1][-]{section.1.4.2}{\376\377\000F\000i\000r\000s\000t\000\040\000o\000r\000d\000e\000r\000\040\000O\000D\000E}{chapter.1.4}% 27
\BOOKMARK [1][-]{section.1.4.3}{\376\377\000L\000i\000n\000e\000a\000r\000\040\000s\000p\000r\000i\000n\000g}{chapter.1.4}% 28
\BOOKMARK [1][-]{section.1.4.4}{\376\377\000L\000o\000r\000e\000n\000z\000\040\000A\000t\000t\000r\000a\000c\000t\000o\000r}{chapter.1.4}% 29
\BOOKMARK [1][-]{section.1.4.5}{\376\377\000S\000t\000a\000b\000i\000l\000i\000t\000y\000\040\000r\000e\000g\000i\000o\000n\000s}{chapter.1.4}% 30
\BOOKMARK [1][-]{section.1.4.6}{\376\377\000R\000i\000c\000h\000a\000r\000d\000s\000o\000n\000\040\000e\000x\000t\000r\000a\000p\000o\000l\000a\000t\000i\000o\000n\000\040\000t\000o\000\040\000c\000a\000l\000c\000u\000l\000a\000t\000e\000\040\000e\000r\000r\000o\000r}{chapter.1.4}% 31
\BOOKMARK [1][-]{section.1.4.7}{\376\377\000C\000o\000n\000v\000e\000r\000g\000e\000n\000c\000e\000\040\000r\000a\000t\000e\000\040\000w\000i\000t\000h\000\040\000t\000i\000m\000e\000\040\000s\000t\000e\000p}{chapter.1.4}% 32
\BOOKMARK [1][-]{section.1.4.8}{\376\377\000A\000d\000v\000a\000n\000c\000e\000d\000\040\000h\000i\000g\000h\000\040\000o\000r\000d\000e\000r\000\040\000n\000u\000m\000e\000r\000i\000c\000a\000l\000\040\000m\000e\000t\000h\000o\000d\000s}{chapter.1.4}% 33
\BOOKMARK [1][-]{section.1.4.9}{\376\377\000V\000a\000n\000\040\000d\000e\000r\000\040\000P\000o\000l\000\040\000o\000s\000c\000i\000l\000l\000a\000t\000o\000r}{chapter.1.4}% 34
\BOOKMARK [1][-]{section.1.4.10}{\376\377\000H\000e\000n\000o\000n\000-\000H\000e\000i\000l\000e\000s\000\040\000s\000y\000s\000t\000e\000m}{chapter.1.4}% 35
\BOOKMARK [1][-]{section.1.4.11}{\376\377\000C\000o\000n\000s\000t\000a\000n\000t\000\040\000t\000i\000m\000e\000\040\000s\000t\000e\000p\000\040\000a\000n\000d\000\040\000a\000d\000a\000p\000t\000i\000v\000e\000\040\000t\000i\000m\000e\000\040\000s\000t\000e\000p}{chapter.1.4}% 36
\BOOKMARK [1][-]{section.1.4.12}{\376\377\000C\000o\000n\000v\000e\000r\000g\000e\000n\000c\000e\000\040\000r\000a\000t\000e\000\040\000o\000f\000\040\000R\000u\000n\000g\000e\040\023\000K\000u\000t\000t\000a\000\040\000w\000r\000a\000p\000p\000e\000r\000s}{chapter.1.4}% 37
\BOOKMARK [1][-]{section.1.4.13}{\376\377\000A\000r\000e\000n\000s\000t\000o\000r\000f\000\040\000o\000r\000b\000i\000t\000.\000\040\000E\000m\000b\000e\000d\000d\000e\000d\000\040\000R\000u\000n\000g\000e\040\023\000K\000u\000t\000t\000a}{chapter.1.4}% 38
\BOOKMARK [1][-]{section.1.4.14}{\376\377\000G\000r\000a\000g\000g\000-\000B\000u\000l\000i\000r\000s\000c\000h\000-\000S\000t\000o\000e\000r\000\040\000M\000e\000t\000h\000o\000d}{chapter.1.4}% 39
\BOOKMARK [1][-]{section.1.4.15}{\376\377\000A\000d\000a\000m\000s\000-\000B\000a\000s\000h\000f\000o\000r\000t\000h\000-\000M\000o\000u\000l\000t\000o\000n\000\040\000M\000e\000t\000h\000o\000d\000s}{chapter.1.4}% 40
\BOOKMARK [1][-]{section.1.4.16}{\376\377\000C\000o\000m\000p\000u\000t\000a\000t\000i\000o\000n\000a\000l\000\040\000e\000f\000f\000o\000r\000t\000\040\000o\000f\000\040\000R\000u\000n\000g\000e\040\023\000K\000u\000t\000t\000a\000\040\000s\000c\000h\000e\000m\000e\000s}{chapter.1.4}% 41
\BOOKMARK [0][-]{chapter.1.5}{\376\377\000B\000o\000u\000n\000d\000a\000r\000y\000\040\000V\000a\000l\000u\000e\000\040\000P\000r\000o\000b\000l\000e\000m\000s\000\040}{part.1}% 42
\BOOKMARK [1][-]{section.1.5.1}{\376\377\000O\000v\000e\000r\000v\000i\000e\000w}{chapter.1.5}% 43
\BOOKMARK [1][-]{section.1.5.2}{\376\377\000L\000e\000g\000e\000n\000d\000r\000e\000\040\000e\000q\000u\000a\000t\000i\000o\000n}{chapter.1.5}% 44
\BOOKMARK [1][-]{section.1.5.3}{\376\377\000B\000e\000a\000m\000\040\000d\000e\000f\000l\000e\000c\000t\000i\000o\000n}{chapter.1.5}% 45
\BOOKMARK [1][-]{section.1.5.4}{\376\377\000P\000o\000i\000s\000s\000o\000n\000\040\000e\000q\000u\000a\000t\000i\000o\000n}{chapter.1.5}% 46
\BOOKMARK [1][-]{section.1.5.5}{\376\377\000D\000e\000f\000l\000e\000c\000t\000i\000o\000n\000\040\000o\000f\000\040\000a\000n\000\040\000e\000l\000a\000s\000t\000i\000c\000\040\000l\000i\000n\000e\000a\000r\000\040\000p\000l\000a\000t\000e}{chapter.1.5}% 47
\BOOKMARK [1][-]{section.1.5.6}{\376\377\000D\000e\000f\000l\000e\000c\000t\000i\000o\000n\000\040\000o\000f\000\040\000a\000n\000\040\000e\000l\000a\000s\000t\000i\000c\000\040\000n\000o\000n\000\040\000l\000i\000n\000e\000a\000r\000\040\000p\000l\000a\000t\000e}{chapter.1.5}% 48
\BOOKMARK [0][-]{chapter.1.6}{\376\377\000I\000n\000i\000t\000i\000a\000l\000\040\000B\000o\000u\000n\000d\000a\000r\000y\000\040\000V\000a\000l\000u\000e\000\040\000P\000r\000o\000b\000l\000e\000m\000s\000\040}{part.1}% 49
\BOOKMARK [1][-]{section.1.6.1}{\376\377\000O\000v\000e\000r\000v\000i\000e\000w}{chapter.1.6}% 50
\BOOKMARK [1][-]{section.1.6.2}{\376\377\000H\000e\000a\000t\000\040\000e\000q\000u\000a\000t\000i\000o\000n\000\040\0001\000D}{chapter.1.6}% 51
\BOOKMARK [1][-]{section.1.6.3}{\376\377\000H\000e\000a\000t\000\040\000e\000q\000u\000a\000t\000i\000o\000n\000\040\0002\000D}{chapter.1.6}% 52
\BOOKMARK [1][-]{section.1.6.4}{\376\377\000A\000d\000v\000e\000c\000t\000i\000o\000n\000\040\000D\000i\000f\000f\000u\000s\000i\000o\000n\000\040\000e\000q\000u\000a\000t\000i\000o\000n\000\040\0001\000D}{chapter.1.6}% 53
\BOOKMARK [1][-]{section.1.6.5}{\376\377\000A\000d\000v\000e\000c\000t\000i\000o\000n\000-\000D\000i\000f\000f\000u\000s\000i\000o\000n\000\040\000e\000q\000u\000a\000t\000i\000o\000n\000\040\0002\000D}{chapter.1.6}% 54
\BOOKMARK [1][-]{section.1.6.6}{\376\377\000W\000a\000v\000e\000\040\000e\000q\000u\000a\000t\000i\000o\000n\000\040\0001\000D}{chapter.1.6}% 55
\BOOKMARK [1][-]{section.1.6.7}{\376\377\000W\000a\000v\000e\000\040\000e\000q\000u\000a\000t\000i\000o\000n\000\040\0002\000D}{chapter.1.6}% 56
\BOOKMARK [0][-]{chapter.1.7}{\376\377\000M\000i\000x\000e\000d\000\040\000B\000o\000u\000n\000d\000a\000r\000y\000\040\000a\000n\000d\000\040\000I\000n\000i\000t\000i\000a\000l\000\040\000V\000a\000l\000u\000e\000\040\000P\000r\000o\000b\000l\000e\000m\000s\000\040}{part.1}% 57
\BOOKMARK [1][-]{section.1.7.1}{\376\377\000O\000v\000e\000r\000v\000i\000e\000w}{chapter.1.7}% 58
\BOOKMARK [1][-]{section.1.7.2}{\376\377\000N\000o\000n\000\040\000L\000i\000n\000e\000a\000r\000\040\000P\000l\000a\000t\000e\000\040\000V\000i\000b\000r\000a\000t\000i\000o\000n}{chapter.1.7}% 59
\BOOKMARK [-1][-]{part.2}{\376\377\000I\000I\000\040\000D\000e\000v\000e\000l\000o\000p\000e\000r\000\040\000g\000u\000i\000d\000e\000l\000i\000n\000e\000s}{}% 60
\BOOKMARK [0][-]{chapter.2.1}{\376\377\000S\000y\000s\000t\000e\000m\000s\000\040\000o\000f\000\040\000e\000q\000u\000a\000t\000i\000o\000n\000s}{part.2}% 61
\BOOKMARK [1][-]{section.2.1.1}{\376\377\000O\000v\000e\000r\000v\000i\000e\000w}{chapter.2.1}% 62
\BOOKMARK [1][-]{section.2.1.2}{\376\377\000L\000i\000n\000e\000a\000r\000\040\000s\000y\000s\000t\000e\000m\000s\000\040\000a\000n\000d\000\040\000L\000U\000\040\000f\000a\000c\000t\000o\000r\000i\000z\000a\000t\000i\000o\000n}{chapter.2.1}% 63
\BOOKMARK [1][-]{section.2.1.3}{\376\377\000C\000o\000n\000d\000i\000t\000i\000o\000n\000\040\000n\000u\000m\000b\000e\000r}{chapter.2.1}% 64
\BOOKMARK [1][-]{section.2.1.4}{\376\377\000N\000o\000n\000\040\000l\000i\000n\000e\000a\000r\000\040\000s\000y\000s\000t\000e\000m\000s\000\040\000o\000f\000\040\000e\000q\000u\000a\000t\000i\000o\000n\000s\000\040}{chapter.2.1}% 65
\BOOKMARK [1][-]{section.2.1.5}{\376\377\000E\000i\000g\000e\000n\000v\000a\000l\000u\000e\000s\000\040\000a\000n\000d\000\040\000e\000i\000g\000e\000n\000v\000e\000c\000t\000o\000r\000s}{chapter.2.1}% 66
\BOOKMARK [1][-]{section.2.1.6}{\376\377\000P\000o\000w\000e\000r\000\040\000m\000e\000t\000h\000o\000d\000\040\000a\000n\000d\000\040\000d\000e\000f\000l\000a\000t\000i\000o\000n\000\040\000m\000e\000t\000h\000o\000d}{chapter.2.1}% 67
\BOOKMARK [1][-]{section.2.1.7}{\376\377\000I\000n\000v\000e\000r\000s\000e\000\040\000p\000o\000w\000e\000r\000\040\000m\000e\000t\000h\000o\000d}{chapter.2.1}% 68
\BOOKMARK [1][-]{section.2.1.8}{\376\377\000S\000i\000n\000g\000u\000l\000a\000r\000\040\000V\000a\000l\000u\000e\000\040\000D\000e\000c\000o\000m\000p\000o\000s\000i\000t\000i\000o\000n\000\040\000\050\000S\000V\000D\000\051}{chapter.2.1}% 69
\BOOKMARK [1][-]{section.2.1.9}{\376\377\000I\000m\000p\000l\000e\000m\000e\000n\000t\000a\000t\000i\000o\000n\000\040\000w\000i\000t\000h\000\040\000t\000h\000e\000\040\000N\000u\000m\000e\000r\000i\000c\000a\000l\000H\000U\000B\000\040}{chapter.2.1}% 70
\BOOKMARK [0][-]{chapter.2.2}{\376\377\000L\000a\000g\000r\000a\000n\000g\000e\000\040\000I\000n\000t\000e\000r\000p\000o\000l\000a\000t\000i\000o\000n\000\040}{part.2}% 71
\BOOKMARK [1][-]{section.2.2.1}{\376\377\000O\000v\000e\000r\000v\000i\000e\000w}{chapter.2.2}% 72
\BOOKMARK [1][-]{section.2.2.2}{\376\377\000L\000a\000g\000r\000a\000n\000g\000e\000\040\000i\000n\000t\000e\000r\000p\000o\000l\000a\000t\000i\000o\000n}{chapter.2.2}% 73
\BOOKMARK [2][-]{subsection.2.2.2.1}{\376\377\000L\000a\000g\000r\000a\000n\000g\000e\000\040\000p\000o\000l\000y\000n\000o\000m\000i\000a\000l\000s}{section.2.2.2}% 74
\BOOKMARK [2][-]{subsection.2.2.2.2}{\376\377\000S\000i\000n\000g\000l\000e\000\040\000v\000a\000r\000i\000a\000b\000l\000e\000\040\000f\000u\000n\000c\000t\000i\000o\000n\000s}{section.2.2.2}% 75
\BOOKMARK [2][-]{subsection.2.2.2.3}{\376\377\000T\000w\000o\000\040\000v\000a\000r\000i\000a\000b\000l\000e\000s\000\040\000f\000u\000n\000c\000t\000i\000o\000n\000s}{section.2.2.2}% 76
\BOOKMARK [0][-]{chapter.2.3}{\376\377\000F\000i\000n\000i\000t\000e\000\040\000D\000i\000f\000f\000e\000r\000e\000n\000c\000e\000s\000\040}{part.2}% 77
\BOOKMARK [1][-]{section.2.3.1}{\376\377\000F\000i\000n\000i\000t\000e\000\040\000d\000i\000f\000f\000e\000r\000e\000n\000c\000e\000s}{chapter.2.3}% 78
\BOOKMARK [2][-]{subsection.2.3.1.1}{\376\377\000A\000l\000g\000o\000r\000i\000t\000h\000m\000\040\000i\000m\000p\000l\000e\000m\000e\000n\000t\000a\000t\000i\000o\000n}{section.2.3.1}% 79
\BOOKMARK [0][-]{chapter.2.4}{\376\377\000C\000a\000u\000c\000h\000y\000\040\000P\000r\000o\000b\000l\000e\000m\000\040}{part.2}% 80
\BOOKMARK [1][-]{section.2.4.1}{\376\377\000O\000v\000e\000r\000v\000i\000e\000w}{chapter.2.4}% 81
\BOOKMARK [1][-]{section.2.4.2}{\376\377\000A\000l\000g\000o\000r\000i\000t\000h\000m\000s\000\040\000o\000r\000\040\000t\000e\000m\000p\000o\000r\000a\000l\000\040\000s\000c\000h\000e\000m\000e\000s}{chapter.2.4}% 82
\BOOKMARK [1][-]{section.2.4.3}{\376\377\000I\000m\000p\000l\000i\000c\000i\000t\000\040\000t\000e\000m\000p\000o\000r\000a\000l\000\040\000s\000c\000h\000e\000m\000e\000s}{chapter.2.4}% 83
\BOOKMARK [1][-]{section.2.4.4}{\376\377\000R\000i\000c\000h\000a\000r\000d\000s\000o\000n\000'\000s\000\040\000e\000x\000t\000r\000a\000p\000o\000l\000a\000t\000i\000o\000n\000\040\000t\000o\000\040\000d\000e\000t\000e\000r\000m\000i\000n\000e\000\040\000e\000r\000r\000o\000r}{chapter.2.4}% 84
\BOOKMARK [1][-]{section.2.4.5}{\376\377\000C\000o\000n\000v\000e\000r\000g\000e\000n\000c\000e\000\040\000r\000a\000t\000e\000\040\000o\000f\000\040\000t\000e\000m\000p\000o\000r\000a\000l\000\040\000s\000c\000h\000e\000m\000e\000s}{chapter.2.4}% 85
\BOOKMARK [1][-]{section.2.4.6}{\376\377\000E\000m\000b\000e\000d\000d\000e\000d\000\040\000R\000u\000n\000g\000e\000-\000K\000u\000t\000t\000a\000\040\000m\000e\000t\000h\000o\000d\000s}{chapter.2.4}% 86
\BOOKMARK [1][-]{section.2.4.7}{\376\377\000G\000r\000a\000g\000g\000-\000B\000u\000l\000i\000r\000s\000c\000h\000-\000S\000t\000o\000e\000r\000\040\000m\000e\000t\000h\000o\000d}{chapter.2.4}% 87
\BOOKMARK [1][-]{section.2.4.8}{\376\377\000L\000i\000n\000e\000a\000r\000\040\000m\000u\000l\000t\000i\000s\000t\000e\000p\000\040\000m\000e\000t\000h\000o\000d\000s}{chapter.2.4}% 88
\BOOKMARK [2][-]{subsection.2.4.8.1}{\376\377\000L\000i\000n\000e\000a\000r\000\040\000m\000u\000l\000t\000i\000s\000t\000e\000p\000\040\000m\000e\000t\000h\000o\000d\000s\000\040\000a\000s\000\040\000a\000\040\000T\000a\000y\000l\000o\000r\000\040\000e\000x\000p\000a\000n\000s\000i\000o\000n}{section.2.4.8}% 89
\BOOKMARK [2][-]{subsection.2.4.8.2}{\376\377\000M\000u\000l\000t\000i\000v\000a\000l\000u\000e\000\040\000f\000o\000r\000m\000u\000l\000a\000t\000i\000o\000n\000\040\000o\000f\000\040\000A\000d\000a\000m\000s\000\040\000m\000e\000t\000h\000o\000d\000s}{section.2.4.8}% 90
\BOOKMARK [0][-]{chapter.2.5}{\376\377\000B\000o\000u\000n\000d\000a\000r\000y\000\040\000V\000a\000l\000u\000e\000\040\000P\000r\000o\000b\000l\000e\000m\000s}{part.2}% 91
\BOOKMARK [1][-]{section.2.5.1}{\376\377\000O\000v\000e\000r\000v\000i\000e\000w}{chapter.2.5}% 92
\BOOKMARK [1][-]{section.2.5.2}{\376\377\000A\000l\000g\000o\000r\000i\000t\000h\000m\000\040\000t\000o\000\040\000s\000o\000l\000v\000e\000\040\000B\000o\000u\000n\000d\000a\000r\000y\000\040\000V\000a\000l\000u\000e\000\040\000P\000r\000o\000b\000l\000e\000m\000s}{chapter.2.5}% 93
\BOOKMARK [1][-]{section.2.5.3}{\376\377\000F\000r\000o\000m\000\040\000c\000l\000a\000s\000s\000i\000c\000a\000l\000\040\000t\000o\000\040\000m\000o\000d\000e\000r\000n\000\040\000a\000p\000p\000r\000o\000a\000c\000h\000e\000s}{chapter.2.5}% 94
\BOOKMARK [1][-]{section.2.5.4}{\376\377\000O\000v\000e\000r\000l\000o\000a\000d\000i\000n\000g\000\040\000t\000h\000e\000\040\000B\000o\000u\000n\000d\000a\000r\000y\000\040\000V\000a\000l\000u\000e\000\040\000P\000r\000o\000b\000l\000e\000m}{chapter.2.5}% 95
\BOOKMARK [1][-]{section.2.5.5}{\376\377\000L\000i\000n\000e\000a\000r\000\040\000a\000n\000d\000\040\000n\000o\000n\000l\000i\000n\000e\000a\000r\000\040\000B\000V\000P\000\040\000i\000n\000\040\0001\000D}{chapter.2.5}% 96
\BOOKMARK [1][-]{section.2.5.6}{\376\377\000N\000o\000n\000\040\000L\000i\000n\000e\000a\000r\000\040\000B\000o\000u\000n\000d\000a\000r\000y\000\040\000V\000a\000l\000u\000e\000\040\000P\000r\000o\000b\000l\000e\000m\000s\000\040\000i\000n\000\040\0001\000D}{chapter.2.5}% 97
\BOOKMARK [1][-]{section.2.5.7}{\376\377\000L\000i\000n\000e\000a\000r\000\040\000B\000o\000u\000n\000d\000a\000r\000y\000\040\000V\000a\000l\000u\000e\000\040\000P\000r\000o\000b\000l\000e\000m\000s\000\040\000i\000n\000\040\0001\000D}{chapter.2.5}% 98
\BOOKMARK [0][-]{chapter.2.6}{\376\377\000I\000n\000i\000t\000i\000a\000l\000\040\000B\000o\000u\000n\000d\000a\000r\000y\000\040\000V\000a\000l\000u\000e\000\040\000P\000r\000o\000b\000l\000e\000m\000s}{part.2}% 99
\BOOKMARK [1][-]{section.2.6.1}{\376\377\000O\000v\000e\000r\000v\000i\000e\000w}{chapter.2.6}% 100
\BOOKMARK [1][-]{section.2.6.2}{\376\377\000A\000l\000g\000o\000r\000i\000t\000h\000m\000\040\000t\000o\000\040\000s\000o\000l\000v\000e\000\040\000I\000B\000V\000P\000s}{chapter.2.6}% 101
\BOOKMARK [1][-]{section.2.6.3}{\376\377\000F\000r\000o\000m\000\040\000c\000l\000a\000s\000s\000i\000c\000a\000l\000\040\000t\000o\000\040\000m\000o\000d\000e\000r\000n\000\040\000a\000p\000p\000r\000o\000a\000c\000h\000e\000s}{chapter.2.6}% 102
\BOOKMARK [1][-]{section.2.6.4}{\376\377\000O\000v\000e\000r\000l\000o\000a\000d\000i\000n\000g\000\040\000t\000h\000e\000\040\000I\000B\000V\000P}{chapter.2.6}% 103
\BOOKMARK [1][-]{section.2.6.5}{\376\377\000I\000n\000i\000t\000i\000a\000l\000\040\000B\000o\000u\000n\000d\000a\000r\000y\000\040\000V\000a\000l\000u\000e\000\040\000P\000r\000o\000b\000l\000e\000m\000\040\000i\000n\000\040\0001\000D}{chapter.2.6}% 104
\BOOKMARK [0][-]{chapter.2.7}{\376\377\000M\000i\000x\000e\000d\000\040\000B\000o\000u\000n\000d\000a\000r\000y\000\040\000a\000n\000d\000\040\000I\000n\000i\000t\000i\000a\000l\000\040\000V\000a\000l\000u\000e\000\040\000P\000r\000o\000b\000l\000e\000m\000s\000\040}{part.2}% 105
\BOOKMARK [1][-]{section.2.7.1}{\376\377\000O\000v\000e\000r\000v\000i\000e\000w}{chapter.2.7}% 106
\BOOKMARK [1][-]{section.2.7.2}{\376\377\000A\000l\000g\000o\000r\000i\000t\000h\000m\000\040\000t\000o\000\040\000s\000o\000l\000v\000e\000\040\000a\000\040\000c\000o\000u\000p\000l\000e\000d\000\040\000I\000B\000V\000P\000-\000B\000V\000P}{chapter.2.7}% 107
\BOOKMARK [1][-]{section.2.7.3}{\376\377\000I\000m\000p\000l\000e\000m\000e\000n\000t\000a\000t\000i\000o\000n\000:\000\040\000t\000h\000e\000\040\000u\000p\000p\000e\000r\000\040\000a\000b\000s\000t\000r\000a\000c\000t\000i\000o\000n\000\040\000l\000a\000y\000e\000r}{chapter.2.7}% 108
\BOOKMARK [1][-]{section.2.7.4}{\376\377\000B\000V\000P\000\137\000a\000n\000d\000\137\000I\000B\000V\000P\000\137\000d\000i\000s\000c\000r\000e\000t\000i\000z\000a\000t\000i\000o\000n}{chapter.2.7}% 109
\BOOKMARK [1][-]{section.2.7.5}{\376\377\000S\000t\000e\000p\000\040\0001\000.\000\040\000B\000o\000u\000n\000d\000a\000r\000y\000\040\000v\000a\000l\000u\000e\000s\000\040\000o\000f\000\040\000t\000h\000e\000\040\000I\000B\000V\000P}{chapter.2.7}% 110
\BOOKMARK [1][-]{section.2.7.6}{\376\377\000S\000t\000e\000p\000\040\0002\000.\000\040\000S\000o\000l\000u\000t\000i\000o\000n\000\040\000o\000f\000\040\000t\000h\000e\000\040\000B\000V\000P}{chapter.2.7}% 111
\BOOKMARK [1][-]{section.2.7.7}{\376\377\000S\000t\000e\000p\000\040\0003\000.\000\040\000S\000p\000a\000t\000i\000a\000l\000\040\000d\000i\000s\000c\000r\000e\000t\000i\000z\000a\000t\000i\000o\000n\000\040\000o\000f\000\040\000t\000h\000e\000\040\000I\000B\000V\000P}{chapter.2.7}% 112
\BOOKMARK [1][-]{section.2.7.8}{\376\377\000S\000t\000e\000p\000\040\0004\000.\000\040\000T\000e\000m\000p\000o\000r\000a\000l\000\040\000e\000v\000o\000l\000u\000t\000i\000o\000n\000\040\000o\000f\000\040\000t\000h\000e\000\040\000I\000B\000V\000P}{chapter.2.7}% 113
\BOOKMARK [-1][-]{part.3}{\376\377\000I\000I\000I\000\040\000A\000p\000p\000l\000i\000c\000a\000t\000i\000o\000n\000\040\000P\000r\000o\000g\000r\000a\000m\000\040\000I\000n\000t\000e\000r\000f\000a\000c\000e}{}% 114
\BOOKMARK [0][-]{chapter.3.1}{\376\377\000S\000y\000s\000t\000e\000m\000s\000\040\000o\000f\000\040\000e\000q\000u\000a\000t\000i\000o\000n\000s}{part.3}% 115
\BOOKMARK [1][-]{section.3.1.1}{\376\377\000O\000v\000e\000r\000v\000i\000e\000w}{chapter.3.1}% 116
\BOOKMARK [1][-]{section.3.1.2}{\376\377\000L\000i\000n\000e\000a\000r\000\040\000s\000y\000s\000t\000e\000m\000s\000\040\000m\000o\000d\000u\000l\000e}{chapter.3.1}% 117
\BOOKMARK [1][-]{section.3.1.3}{\376\377\000N\000o\000n\000\040\000L\000i\000n\000e\000a\000r\000\040\000S\000y\000s\000t\000e\000m\000s\000\040\000m\000o\000d\000u\000l\000e}{chapter.3.1}% 118
\BOOKMARK [0][-]{chapter.3.2}{\376\377\000I\000n\000t\000e\000r\000p\000o\000l\000a\000t\000i\000o\000n}{part.3}% 119
\BOOKMARK [1][-]{section.3.2.1}{\376\377\000O\000v\000e\000r\000v\000i\000e\000w}{chapter.3.2}% 120
\BOOKMARK [1][-]{section.3.2.2}{\376\377\000I\000n\000t\000e\000r\000p\000o\000l\000a\000t\000i\000o\000n\000\040\000m\000o\000d\000u\000l\000e}{chapter.3.2}% 121
\BOOKMARK [1][-]{section.3.2.3}{\376\377\000L\000a\000g\000r\000a\000n\000g\000e\000\040\000i\000n\000t\000e\000r\000p\000o\000l\000a\000t\000i\000o\000n\000\040\000m\000o\000d\000u\000l\000e}{chapter.3.2}% 122
\BOOKMARK [2][-]{subsection.3.2.3.1}{\376\377\000E\000r\000r\000o\000r\000\040\000p\000o\000l\000y\000n\000o\000m\000i\000a\000l}{section.3.2.3}% 123
\BOOKMARK [0][-]{chapter.3.3}{\376\377\000C\000o\000l\000l\000o\000c\000a\000t\000i\000o\000n\000\040\000m\000e\000t\000h\000o\000d\000s}{part.3}% 124
\BOOKMARK [1][-]{section.3.3.1}{\376\377\000O\000v\000e\000r\000v\000i\000e\000w}{chapter.3.3}% 125
\BOOKMARK [1][-]{section.3.3.2}{\376\377\000C\000o\000l\000l\000o\000c\000a\000t\000i\000o\000n\000\040\000m\000e\000t\000h\000o\000d\000s\000\040\000m\000o\000d\000u\000l\000e}{chapter.3.3}% 126
\BOOKMARK [0][-]{chapter.3.4}{\376\377\000C\000a\000u\000c\000h\000y\000\040\000P\000r\000o\000b\000l\000e\000m}{part.3}% 127
\BOOKMARK [1][-]{section.3.4.1}{\376\377\000O\000v\000e\000r\000v\000i\000e\000w}{chapter.3.4}% 128
\BOOKMARK [1][-]{section.3.4.2}{\376\377\000C\000a\000u\000c\000h\000y\000\040\000p\000r\000o\000b\000l\000e\000m\000\040\000m\000o\000d\000u\000l\000e}{chapter.3.4}% 129
\BOOKMARK [1][-]{section.3.4.3}{\376\377\000T\000e\000m\000p\000o\000r\000a\000l\000\040\000s\000c\000h\000e\000m\000e\000s}{chapter.3.4}% 130
\BOOKMARK [1][-]{section.3.4.4}{\376\377\000S\000t\000a\000b\000i\000l\000i\000t\000y}{chapter.3.4}% 131
\BOOKMARK [1][-]{section.3.4.5}{\376\377\000T\000e\000m\000p\000o\000r\000a\000l\000\040\000e\000r\000r\000o\000r}{chapter.3.4}% 132
\BOOKMARK [0][-]{chapter.3.5}{\376\377\000B\000o\000u\000n\000d\000a\000r\000y\000\040\000V\000a\000l\000u\000e\000\040\000P\000r\000o\000b\000l\000e\000m\000s}{part.3}% 133
\BOOKMARK [1][-]{section.3.5.1}{\376\377\000O\000v\000e\000r\000v\000i\000e\000w}{chapter.3.5}% 134
\BOOKMARK [1][-]{section.3.5.2}{\376\377\000B\000o\000u\000n\000d\000a\000r\000y\000\040\000v\000a\000l\000u\000e\000\040\000p\000r\000o\000b\000l\000e\000m\000s\000\040\000m\000o\000d\000u\000l\000e}{chapter.3.5}% 135
\BOOKMARK [0][-]{chapter.3.6}{\376\377\000I\000n\000i\000t\000i\000a\000l\000\040\000B\000o\000u\000n\000d\000a\000r\000y\000\040\000V\000a\000l\000u\000e\000\040\000P\000r\000o\000b\000l\000e\000m}{part.3}% 136
\BOOKMARK [1][-]{section.3.6.1}{\376\377\000O\000v\000e\000r\000v\000i\000e\000w}{chapter.3.6}% 137
\BOOKMARK [1][-]{section.3.6.2}{\376\377\000I\000n\000i\000t\000i\000a\000l\000\040\000B\000o\000u\000n\000d\000a\000r\000y\000\040\000V\000a\000l\000u\000e\000\040\000P\000r\000o\000b\000l\000e\000m}{chapter.3.6}% 138
\BOOKMARK [1][-]{section.3.6.3}{\376\377\000S\000p\000a\000t\000i\000a\000l\000\040\000d\000i\000s\000c\000r\000e\000t\000i\000z\000a\000t\000i\000o\000n}{chapter.3.6}% 139
\BOOKMARK [1][-]{section.3.6.4}{\376\377\000S\000p\000a\000t\000i\000a\000l\000\040\000t\000r\000u\000n\000c\000a\000t\000i\000o\000n\000\040\000e\000r\000r\000o\000r}{chapter.3.6}% 140
\BOOKMARK [1][-]{section.3.6.5}{\376\377\000L\000i\000n\000e\000a\000r\000\040\000o\000p\000e\000r\000a\000t\000o\000r}{chapter.3.6}% 141
\BOOKMARK [0][-]{chapter.3.7}{\376\377\000M\000i\000x\000e\000d\000\040\000B\000o\000u\000n\000d\000a\000r\000y\000\040\000a\000n\000d\000\040\000I\000n\000i\000t\000i\000a\000l\000\040\000V\000a\000l\000u\000e\000\040\000P\000r\000o\000b\000l\000e\000m\000s\000\040}{part.3}% 142
\BOOKMARK [1][-]{section.3.7.1}{\376\377\000O\000v\000e\000r\000v\000i\000e\000w}{chapter.3.7}% 143
\BOOKMARK [1][-]{section.3.7.2}{\376\377\000M\000i\000x\000e\000d\000\040\000B\000V\000P\000\040\000a\000n\000d\000\040\000I\000B\000V\000P\000\040\000m\000o\000d\000u\000l\000e}{chapter.3.7}% 144
\BOOKMARK [0][-]{chapter.3.8}{\376\377\000U\000t\000i\000l\000i\000t\000i\000e\000s}{part.3}% 145
\BOOKMARK [1][-]{section.3.8.1}{\376\377\000O\000v\000e\000r\000v\000i\000e\000w}{chapter.3.8}% 146
\BOOKMARK [1][-]{section.3.8.2}{\376\377\000P\000l\000o\000t\000t\000i\000n\000g\000\040\000r\000o\000u\000t\000i\000n\000e\000s}{chapter.3.8}% 147
\BOOKMARK [1][-]{section.3.8.3}{\376\377\000P\000l\000o\000t\000\040\000p\000a\000r\000a\000m\000e\000t\000r\000i\000c\000s\000\040\000w\000i\000t\000h\000\040\000L\000a\000t\000e\000x}{chapter.3.8}% 148
\BOOKMARK [1][-]{section.3.8.4}{\376\377\000P\000l\000o\000t\000\040\000c\000o\000n\000t\000o\000u\000r\000\040\000m\000a\000p\000s\000\040\000w\000i\000t\000h\000\040\000L\000a\000t\000e\000x}{chapter.3.8}% 149
\BOOKMARK [-1][-]{chapter*.84}{\376\377\000B\000i\000b\000l\000i\000o\000g\000r\000a\000p\000h\000y}{}% 150
